<?xml version="1.0" encoding="UTF-8"?>
<!-- Generated by org.testng.reporters.JUnitReportReporter -->
<testsuite hostname="VISH-PC" failures="0" tests="3" name="teatNG_XMLstudy.TestXML1" time="0.024" errors="0" timestamp="2022-08-17T09:12:33 IST" skipped="0">
  <testcase classname="teatNG_XMLstudy.TestXML1" name="b" time="0.003"/>
  <system-out>
    <![CDATA[Method B running]]>
  </system-out>
  <testcase classname="teatNG_XMLstudy.TestXML1" name="c" time="0.003"/>
  <system-out>
    <![CDATA[Method C running]]>
  </system-out>
  <testcase classname="teatNG_XMLstudy.TestXML1" name="a" time="0.018"/>
  <system-out>
    <![CDATA[Method A running]]>
  </system-out>
</testsuite> <!-- teatNG_XMLstudy.TestXML1 -->
