<?xml version="1.0" encoding="UTF-8"?>
<!-- Generated by org.testng.reporters.JUnitReportReporter -->
<testsuite hostname="VISH-PC" failures="0" tests="3" name="teatNG_XMLstudy.testXML2" time="0.007" errors="0" timestamp="2022-08-17T09:12:33 IST" skipped="0">
  <testcase classname="teatNG_XMLstudy.testXML2" name="e" time="0.002"/>
  <system-out>
    <![CDATA[Method E running]]>
  </system-out>
  <testcase classname="teatNG_XMLstudy.testXML2" name="d" time="0.003"/>
  <system-out>
    <![CDATA[Method D running]]>
  </system-out>
  <testcase classname="teatNG_XMLstudy.testXML2" name="f" time="0.002"/>
  <system-out>
    <![CDATA[Method F running]]>
  </system-out>
</testsuite> <!-- teatNG_XMLstudy.testXML2 -->
